This is pdfTeX, Version 3.1415926-2.4-1.40.13 (TeX Live 2012) (format=cont-en 2012.6.30)  9 JAN 2013 16:18
entering extended mode
 restricted \write18 enabled.
 %&-line parsing enabled.
**3.tex
(./3.tex

ConTeXt  ver: 2012.05.30 11:26 MKII  fmt: 2012.6.30  int: english/english

system          : cont-new.mkii loaded
(/usr/local/texlive/2012/texmf-dist/tex/context/base/cont-new.mkii
systems         : beware: some patches loaded from cont-new.mkii
)
system          : cont-sys.tex loaded
(/usr/local/texlive/2012/texmf-config/tex/context/user/cont-sys.tex
(/usr/local/texlive/2012/texmf-dist/tex/context/base/type-siz.mkii)
(/usr/local/texlive/2012/texmf-dist/tex/context/base/type-one.mkii))
system          : 3.top loaded
(./3.top)
bodyfont        : 12pt rm is loaded
language        : patterns nl->texnansi:texnansi->1->2:2 nl->ec:ec->2->2:2 us->
ec:ec->3->2:3 de->texnansi:texnansi->4->3:3 de->ec:ec->5->3:3 da->ec:ec->6->2:2
 sv->ec:ec->7->2:2 af->ec:ec->8->2:2 gb->ec:ec->9->2:2 fr->texnansi:texnansi->1
0->2:2 fr->ec:ec->11->2:2 es->ec:ec->12->2:2 ca->ec:ec->13->2:2 it->texnansi:te
xnansi->14->2:2 it->ec:ec->15->2:2 la->ec:ec->16->2:2 pt->texnansi:texnansi->17
->2:2 pt->ec:ec->18->2:2 ro->ec:ec->19->2:2 pl->pl0:pl0->20->2:2 pl->ec:ec->21-
>2:2 pl->qx:qx->22->2:2 cs->il2:il2->23->2:2 cs->ec:ec->24->2:2 sk->il2:il2->25
->2:2 sk->ec:ec->26->2:2 hr->ec:ec->27->2:2 sl->ec:ec->28->2:2 tr->ec:ec->29->2
:2 tk->ec:ec->30->1:2 lt->l7x:l7x->31->2:2 agr->agr:agr->33->2:2 fi->ec:ec->34-
>2:2 hu->ec:ec->35->2:2 ru->t2a:t2a->37->2:2 uk->t2a:t2a->38->3:3  loaded
specials        : dvips loaded
\openout3 = `3.tui'.

\openout0 = `3-mpgraph.mp'.

systems         : system commands are enabled
language        : language en is active
specials        : loading definition file tpd
(/usr/local/texlive/2012/texmf-dist/tex/context/base/spec-tpd.mkii
specials        : loading definition file fdf
(/usr/local/texlive/2012/texmf-dist/tex/context/base/spec-fdf.mkii)) (./3.tuo)
(./3.tuo) (./3.tuo) (./3.tuo) (./3.tuo) (./3.tuo) (./3.tuo) (./3.tuo) (./3.tuo)
(./3.tuo) (./3.tuo)
publications    : file 3.bbl not found, waiting for bibtex
(./3.tuo)
systems         : begin file 3 at line 1
fonts           : resetting map file list
{/usr/local/texlive/2012/texmf-dist/fonts/map/pdftex/context/original-empty.map
}
fonts           : using map file: original-base
{/usr/local/texlive/2012/texmf-dist/fonts/map/pdftex/context/original-base.map}
fonts           : using map file: original-ams-base
{/usr/local/texlive/2012/texmf-dist/fonts/map/pdftex/context/original-ams-base.
map}
fonts           : using map file: original-public-lm
{/usr/local/texlive/2012/texmf-dist/fonts/map/pdftex/context/original-public-lm
.map}
fonts           : using map file: lm-ec
{/usr/local/texlive/2012/texmf-dist/fonts/map/dvips/lm/lm-ec.map}
fonts           : using map file: lm-math
{/usr/local/texlive/2012/texmf-dist/fonts/map/dvips/lm/lm-math.map}
fonts           : using map file: lm-rm
{/usr/local/texlive/2012/texmf-dist/fonts/map/dvips/lm/lm-rm.map}
fonts           : using map file: original-ams-euler
{/usr/local/texlive/2012/texmf-dist/fonts/map/pdftex/context/original-ams-euler
.map} (/usr/local/texlive/2012/texmf-dist/tex/context/base/sort-def.mkii)
(/usr/local/texlive/2012/texmf-dist/tex/context/base/sort-lan.mkii) [1.1]
systems         : end file 3 at line 8
 ) 
Here is how much of TeX's memory you used:
 917 strings out of 455939
 14133 string characters out of 2518790
 4858063 words of memory out of 7262150
 41966 multiletter control sequences out of 15000+200000
 82418 words of font info for 37 fonts, out of 3000000 for 9000
 397 hyphenation exceptions out of 8191
 46i,17n,49p,218b,542s stack positions out of 5000i,500n,10000p,200000b,50000s
{/usr/local/texlive/2012/texmf-dist/fonts/enc/dvips/lm/lm-ec.enc}</usr/local/
texlive/2012/texmf-dist/fonts/type1/public/lm/lmr12.pfb>

pdfTeX warning: pdftex: no GlyphToUnicode entry has been inserted yet!
Output written on 3.pdf (1 page, 29212 bytes).
PDF statistics:
 13 PDF objects out of 1000 (max. 8388607)
 9 compressed objects within 1 object stream
 0 named destinations out of 1000 (max. 500000)
 1 words of extra memory for PDF output out of 10000 (max. 10000000)

