(4.tex

ConTeXt  ver: 2012.05.30 11:26 MKIV  fmt: 2013.1.9  int: english/english

system          > cont-new.mkiv loaded
(/usr/local/texlive/2012/texmf-dist/tex/context/base/cont-new.mkiv
system          > beware: some patches loaded from cont-new.mkiv
)
system          > 4.top loaded

system          > options > start used options

used options    > % runtime options files (command line driven)
used options    > \unprotect
used options    > % feedback and basic job control
used options    > % handy for special styles
used options    > \startluacode
used options    > document = document or { }
used options    > document.arguments={
used options    > }
used options    > document.files={
used options    >  "4.tex",
used options    > }
used options    > \stopluacode
used options    > % process info
used options    > \setupsystem[inputfile=4.tex]
used options    > \setupsystem[\c!n=2,\c!m=3]
used options    > % modes
used options    > % options (not that important)
used options    > \startsetups *runtime:options
used options    > \stopsetups
used options    > % styles and modules
used options    > \startsetups *runtime:modules
used options    > \stopsetups
used options    > % done
used options    > \protect \endinput

system          > options > stop used options

(4.top)
fonts           > latin modern fonts are not preloaded
languages       > language en is active
{/usr/local/texlive/2012/texmf-dist/fonts/map/pdftex/context/mkiv-base.map}
fonts           > preloading latin modern fonts (second stage)
fonts           > typescripts > unknown: library 'loc'
{/usr/local/texlive/2012/texmf-dist/fonts/map/dvips/lm/lm-math.map}{/usr/local/texlive/2012/texmf-dist/fonts/map/dvips/lm/lm-rm.map}
fonts           > virtual math > unable to resolve name mapsfromchar
fonts           > fallback modern rm 12pt is loaded
backend         > xmp > using file '/usr/local/texlive/2012/texmf-dist/tex/context/base/lpdf-pdx.xml'
pages           > flushing realpage 1, userpage 1
 )</usr/local/texlive/2012/texmf-dist/fonts/opentype/public/lm/lmroman12-regular.otf>

system          > files > start used files

used files      >    1: filename=4.tex | foundname=4.tex | usedmethod=direct
used files      >    2: filename=cont-new.mkiv | filetype=tex | foundname=/usr/local/texlive/2012/texmf-dist/tex/context/base/cont-new.mkiv | usedmethod=database
used files      >    3: filename=4.top | foundname=4.top | usedmethod=direct
used files      >    4: filename=lang-us.lua | filetype=lua | foundname=/usr/local/texlive/2012/texmf-dist/tex/context/patterns/lang-us.lua | usedmethod=database
used files      >    5: filename=mkiv-base.map | filetype=map | format=map | foundname=/usr/local/texlive/2012/texmf-dist/fonts/map/pdftex/context/mkiv-base.map | usedmethod=database
used files      >    6: filename=lm.lfg | filetype=tex | foundname=/usr/local/texlive/2012/texmf-dist/tex/context/fonts/lm.lfg | usedmethod=database
used files      >    7: filename=lm-math.lfg | filetype=tex | foundname=/usr/local/texlive/2012/texmf-dist/tex/context/fonts/lm-math.lfg | usedmethod=database
used files      >    8: filename=lm-math.map | filetype=map | format=map | foundname=/usr/local/texlive/2012/texmf-dist/fonts/map/dvips/lm/lm-math.map | usedmethod=database
used files      >    9: filename=lm-rm.map | filetype=map | format=map | foundname=/usr/local/texlive/2012/texmf-dist/fonts/map/dvips/lm/lm-rm.map | usedmethod=database
used files      >   10: filename=lmroman12-regular | filetype=otf | format=otf | foundname=/usr/local/texlive/2012/texmf-dist/fonts/opentype/public/lm/lmroman12-regular.otf | usedmethod=database
used files      >   11: filename=lmroman7-regular.otf | filetype=otf | format=otf | foundname=/usr/local/texlive/2012/texmf-dist/fonts/opentype/public/lm/lmroman7-regular.otf | usedmethod=database
used files      >   12: filename=rm-lmr7.tfm | filetype=tfm | format=tfm | foundname=/usr/local/texlive/2012/texmf-dist/fonts/tfm/public/lm/rm-lmr7.tfm | usedmethod=database
used files      >   13: filename=lmmi7.tfm | filetype=tfm | format=tfm | foundname=/usr/local/texlive/2012/texmf-dist/fonts/tfm/public/lm/lmmi7.tfm | usedmethod=database
used files      >   14: filename=lmsy7.tfm | filetype=tfm | format=tfm | foundname=/usr/local/texlive/2012/texmf-dist/fonts/tfm/public/lm/lmsy7.tfm | usedmethod=database
used files      >   15: filename=lmex10.tfm | filetype=tfm | format=tfm | foundname=/usr/local/texlive/2012/texmf-dist/fonts/tfm/public/lm/lmex10.tfm | usedmethod=database
used files      >   16: filename=msam7.tfm | filetype=tfm | format=tfm | foundname=/usr/local/texlive/2012/texmf-dist/fonts/tfm/public/amsfonts/symbols/msam7.tfm | usedmethod=database
used files      >   17: filename=msbm7.tfm | filetype=tfm | format=tfm | foundname=/usr/local/texlive/2012/texmf-dist/fonts/tfm/public/amsfonts/symbols/msbm7.tfm | usedmethod=database
used files      >   18: filename=stmary10.afm | filetype=afm | format=afm | foundname=/usr/local/texlive/2012/texmf-dist/fonts/afm/public/stmaryrd/stmary10.afm | usedmethod=database
used files      >   19: filename=stmary10.pfb | filetype=pfb | format=pfb | foundname=/usr/local/texlive/2012/texmf-dist/fonts/type1/public/stmaryrd/stmary10.pfb | usedmethod=database
used files      >   20: filename=lmroman7-bold.otf | filetype=otf | format=otf | foundname=/usr/local/texlive/2012/texmf-dist/fonts/opentype/public/lm/lmroman7-bold.otf | usedmethod=database
used files      >   21: filename=lmmib7.tfm | filetype=tfm | format=tfm | foundname=/usr/local/texlive/2012/texmf-dist/fonts/tfm/public/lm/lmmib7.tfm | usedmethod=database
used files      >   22: filename=lmsans8-regular.otf | filetype=otf | format=otf | foundname=/usr/local/texlive/2012/texmf-dist/fonts/opentype/public/lm/lmsans8-regular.otf | usedmethod=database
used files      >   23: filename=lmmono8-regular.otf | filetype=otf | format=otf | foundname=/usr/local/texlive/2012/texmf-dist/fonts/opentype/public/lm/lmmono8-regular.otf | usedmethod=database
used files      >   24: filename=eufm7.tfm | filetype=tfm | format=tfm | foundname=/usr/local/texlive/2012/texmf-dist/fonts/tfm/public/amsfonts/euler/eufm7.tfm | usedmethod=database
used files      >   25: filename=eufb7.tfm | filetype=tfm | format=tfm | foundname=/usr/local/texlive/2012/texmf-dist/fonts/tfm/public/amsfonts/euler/eufb7.tfm | usedmethod=database
used files      >   26: filename=lmroman9-regular.otf | filetype=otf | format=otf | foundname=/usr/local/texlive/2012/texmf-dist/fonts/opentype/public/lm/lmroman9-regular.otf | usedmethod=database
used files      >   27: filename=rm-lmr9.tfm | filetype=tfm | format=tfm | foundname=/usr/local/texlive/2012/texmf-dist/fonts/tfm/public/lm/rm-lmr9.tfm | usedmethod=database
used files      >   28: filename=lmmi9.tfm | filetype=tfm | format=tfm | foundname=/usr/local/texlive/2012/texmf-dist/fonts/tfm/public/lm/lmmi9.tfm | usedmethod=database
used files      >   29: filename=lmsy9.tfm | filetype=tfm | format=tfm | foundname=/usr/local/texlive/2012/texmf-dist/fonts/tfm/public/lm/lmsy9.tfm | usedmethod=database
used files      >   30: filename=msam10.tfm | filetype=tfm | format=tfm | foundname=/usr/local/texlive/2012/texmf-dist/fonts/tfm/public/amsfonts/symbols/msam10.tfm | usedmethod=database
used files      >   31: filename=msbm10.tfm | filetype=tfm | format=tfm | foundname=/usr/local/texlive/2012/texmf-dist/fonts/tfm/public/amsfonts/symbols/msbm10.tfm | usedmethod=database
used files      >   32: filename=lmroman9-bold.otf | filetype=otf | format=otf | foundname=/usr/local/texlive/2012/texmf-dist/fonts/opentype/public/lm/lmroman9-bold.otf | usedmethod=database
used files      >   33: filename=lmmib10.tfm | filetype=tfm | format=tfm | foundname=/usr/local/texlive/2012/texmf-dist/fonts/tfm/public/lm/lmmib10.tfm | usedmethod=database
used files      >   34: filename=lmsans9-regular.otf | filetype=otf | format=otf | foundname=/usr/local/texlive/2012/texmf-dist/fonts/opentype/public/lm/lmsans9-regular.otf | usedmethod=database
used files      >   35: filename=lmmono9-regular.otf | filetype=otf | format=otf | foundname=/usr/local/texlive/2012/texmf-dist/fonts/opentype/public/lm/lmmono9-regular.otf | usedmethod=database
used files      >   36: filename=eufm10.tfm | filetype=tfm | format=tfm | foundname=/usr/local/texlive/2012/texmf-dist/fonts/tfm/public/amsfonts/euler/eufm10.tfm | usedmethod=database
used files      >   37: filename=eufb10.tfm | filetype=tfm | format=tfm | foundname=/usr/local/texlive/2012/texmf-dist/fonts/tfm/public/amsfonts/euler/eufb10.tfm | usedmethod=database
used files      >   38: filename=lmroman12-regular.otf | filetype=otf | format=otf | foundname=/usr/local/texlive/2012/texmf-dist/fonts/opentype/public/lm/lmroman12-regular.otf | usedmethod=database
used files      >   39: filename=rm-lmr12.tfm | filetype=tfm | format=tfm | foundname=/usr/local/texlive/2012/texmf-dist/fonts/tfm/public/lm/rm-lmr12.tfm | usedmethod=database
used files      >   40: filename=lmmi12.tfm | filetype=tfm | format=tfm | foundname=/usr/local/texlive/2012/texmf-dist/fonts/tfm/public/lm/lmmi12.tfm | usedmethod=database
used files      >   41: filename=lmsy10.tfm | filetype=tfm | format=tfm | foundname=/usr/local/texlive/2012/texmf-dist/fonts/tfm/public/lm/lmsy10.tfm | usedmethod=database
used files      >   42: filename=lmroman12-bold.otf | filetype=otf | format=otf | foundname=/usr/local/texlive/2012/texmf-dist/fonts/opentype/public/lm/lmroman12-bold.otf | usedmethod=database
used files      >   43: filename=lmsans12-regular.otf | filetype=otf | format=otf | foundname=/usr/local/texlive/2012/texmf-dist/fonts/opentype/public/lm/lmsans12-regular.otf | usedmethod=database
used files      >   44: filename=lmmono12-regular.otf | filetype=otf | format=otf | foundname=/usr/local/texlive/2012/texmf-dist/fonts/opentype/public/lm/lmmono12-regular.otf | usedmethod=database
used files      >   45: filename=lpdf-pdx.xml | filetype=tex | foundname=/usr/local/texlive/2012/texmf-dist/tex/context/base/lpdf-pdx.xml | usedmethod=database

system          > files > stop used files


system          > structure > start used structure

used structure  > text: 4

system          > structure > stop used structure


mkiv lua stats  > used config file          - selfautoparent:/texmfcnf.lua;selfautoparent:/texmf/web2c/texmfcnf.lua
mkiv lua stats  > used cache path           - readable: '/var/folders/rn/znjldg59341cdhml54ts06rr0000gn/T/luatex-cache/context/210a96fef5fbab446fd11afa77acb026' (order 2)
mkiv lua stats  > used cache path           - writable: '/var/folders/rn/znjldg59341cdhml54ts06rr0000gn/T/luatex-cache/context/210a96fef5fbab446fd11afa77acb026'
mkiv lua stats  > resource resolver         - loadtime 0.083 seconds, 0 scans with scantime 0.000 seconds, 0 shared scans, 45 found files, scanned paths: 
mkiv lua stats  > stored bytecode data      - 303 modules, 65 tables, 368 chunks
mkiv lua stats  > cleaned up reserved nodes - 39 nodes, 9 lists of 438
mkiv lua stats  > node memory usage         - 2 glue, 2 penalty, 9 attribute, 29 glue_spec, 3 attribute_list
mkiv lua stats  > node list callback tasks  - 6 unique task lists, 5 instances (re)created, 134 calls
mkiv lua stats  > used backend              - pdf (backend for directly generating pdf output)
mkiv lua stats  > loaded patterns           - en::2
mkiv lua stats  > jobdata time              - 0.001 seconds saving, 0.001 seconds loading
mkiv lua stats  > callbacks                 - 257 direct, 556 indirect, 813 total
mkiv lua stats  > randomizer                - resumed with value 0.34160792983212
mkiv lua stats  > lxml preparation time     - 0.000 seconds, 0 nodes, 15 lpath calls, 0 cached calls
mkiv lua stats  > result saved in file      - 4.pdf
mkiv lua stats  > loaded fonts              - 33 files: stmary10.afm lmmono12-regular.otf lmmono8-regular.otf lmmono9-regular.otf lmroman12-bold.otf lmroman12-regular.otf lmroman7-bold.otf lmroman7-regular.otf lmroman9-bold.otf lmroman9-regular.otf lmsans12-regular.otf lmsans8-regular.otf lmsans9-regular.otf eufb10.tfm eufb7.tfm eufm10.tfm eufm7.tfm msam10.tfm msam7.tfm msbm10.tfm msbm7.tfm lmex10.tfm lmmi12.tfm lmmi7.tfm lmmi9.tfm lmmib10.tfm lmmib7.tfm lmsy10.tfm lmsy7.tfm lmsy9.tfm rm-lmr12.tfm rm-lmr7.tfm rm-lmr9.tfm
mkiv lua stats  > fonts load time           - 0.281 seconds 
mkiv lua stats  > luatex banner             - this is luatex, version beta-0.70.2-2012062819 (tex live 2012)
mkiv lua stats  > control sequences         - 33667 of 65536 + 100000
mkiv lua stats  > current memory usage      - 55 MB (ctx: 56 MB)
mkiv lua stats  > runtime                   - 0.733 seconds, 1 processed pages, 1 shipped pages, 1.364 pages/second

